2022/10/05 11:58:44 [emerg] 1#1: host not found in upstream "php" in /etc/nginx/conf.d/default.conf:9
2022/10/05 11:59:29 [emerg] 1#1: host not found in upstream "php" in /etc/nginx/conf.d/default.conf:9
2022/10/05 12:05:23 [notice] 1#1: using the "epoll" event method
2022/10/05 12:05:23 [notice] 1#1: nginx/1.23.1
2022/10/05 12:05:23 [notice] 1#1: built by gcc 10.2.1 20210110 (Debian 10.2.1-6) 
2022/10/05 12:05:23 [notice] 1#1: OS: Linux 5.15.0-48-generic
2022/10/05 12:05:23 [notice] 1#1: getrlimit(RLIMIT_NOFILE): 1048576:1048576
2022/10/05 12:05:23 [notice] 1#1: start worker processes
2022/10/05 12:05:23 [notice] 1#1: start worker process 29
2022/10/05 12:05:23 [notice] 1#1: start worker process 30
2022/10/05 12:05:23 [notice] 1#1: start worker process 31
2022/10/05 12:05:23 [notice] 1#1: start worker process 32
2022/10/05 12:05:33 [error] 29#29: *1 open() "/var/www/html/dashboard" failed (2: No such file or directory), client: 172.23.0.1, server: , request: "GET /dashboard HTTP/1.1", host: "localhost:8080", referrer: "http://localhost:8080/"
2022/10/05 12:06:41 [error] 30#30: *3 open() "/var/www/html/dashboard" failed (2: No such file or directory), client: 172.23.0.1, server: , request: "GET /dashboard HTTP/1.1", host: "localhost:8080", referrer: "http://localhost:8080/"
2022/10/05 12:07:02 [error] 30#30: *3 open() "/var/www/html/orders" failed (2: No such file or directory), client: 172.23.0.1, server: , request: "GET /orders HTTP/1.1", host: "localhost:8080"
2022/10/05 12:14:58 [notice] 1#1: signal 3 (SIGQUIT) received, shutting down
2022/10/05 12:14:58 [notice] 30#30: gracefully shutting down
2022/10/05 12:14:58 [notice] 29#29: gracefully shutting down
2022/10/05 12:14:58 [notice] 30#30: exiting
2022/10/05 12:14:58 [notice] 29#29: exiting
2022/10/05 12:14:58 [notice] 29#29: exit
2022/10/05 12:14:58 [notice] 30#30: exit
2022/10/05 12:14:58 [notice] 31#31: gracefully shutting down
2022/10/05 12:14:58 [notice] 31#31: exiting
2022/10/05 12:14:58 [notice] 31#31: exit
2022/10/05 12:14:58 [notice] 32#32: gracefully shutting down
2022/10/05 12:14:58 [notice] 32#32: exiting
2022/10/05 12:14:58 [notice] 32#32: exit
2022/10/05 12:14:58 [notice] 1#1: signal 17 (SIGCHLD) received from 31
2022/10/05 12:14:58 [notice] 1#1: worker process 31 exited with code 0
2022/10/05 12:14:58 [notice] 1#1: signal 29 (SIGIO) received
2022/10/05 12:14:58 [notice] 1#1: signal 17 (SIGCHLD) received from 32
2022/10/05 12:14:58 [notice] 1#1: worker process 32 exited with code 0
2022/10/05 12:14:58 [notice] 1#1: signal 29 (SIGIO) received
2022/10/05 12:14:58 [notice] 1#1: signal 17 (SIGCHLD) received from 29
2022/10/05 12:14:58 [notice] 1#1: worker process 29 exited with code 0
2022/10/05 12:14:58 [notice] 1#1: signal 29 (SIGIO) received
2022/10/05 12:14:58 [notice] 1#1: signal 17 (SIGCHLD) received from 30
2022/10/05 12:14:58 [notice] 1#1: worker process 30 exited with code 0
2022/10/05 12:14:58 [notice] 1#1: exit
2022/10/05 12:15:18 [notice] 1#1: using the "epoll" event method
2022/10/05 12:15:18 [notice] 1#1: nginx/1.23.1
2022/10/05 12:15:18 [notice] 1#1: built by gcc 10.2.1 20210110 (Debian 10.2.1-6) 
2022/10/05 12:15:18 [notice] 1#1: OS: Linux 5.15.0-48-generic
2022/10/05 12:15:18 [notice] 1#1: getrlimit(RLIMIT_NOFILE): 1048576:1048576
2022/10/05 12:15:18 [notice] 1#1: start worker processes
2022/10/05 12:15:18 [notice] 1#1: start worker process 31
2022/10/05 12:15:18 [notice] 1#1: start worker process 32
2022/10/05 12:15:18 [notice] 1#1: start worker process 33
2022/10/05 12:15:18 [notice] 1#1: start worker process 34
2022/10/05 12:17:20 [notice] 1#1: signal 3 (SIGQUIT) received, shutting down
2022/10/05 12:17:20 [notice] 31#31: gracefully shutting down
2022/10/05 12:17:20 [notice] 31#31: exiting
2022/10/05 12:17:20 [notice] 31#31: exit
2022/10/05 12:17:20 [notice] 33#33: gracefully shutting down
2022/10/05 12:17:20 [notice] 32#32: gracefully shutting down
2022/10/05 12:17:20 [notice] 34#34: gracefully shutting down
2022/10/05 12:17:20 [notice] 33#33: exiting
2022/10/05 12:17:20 [notice] 32#32: exiting
2022/10/05 12:17:20 [notice] 34#34: exiting
2022/10/05 12:17:20 [notice] 33#33: exit
2022/10/05 12:17:20 [notice] 32#32: exit
2022/10/05 12:17:20 [notice] 34#34: exit
2022/10/05 12:17:20 [notice] 1#1: signal 17 (SIGCHLD) received from 31
2022/10/05 12:17:20 [notice] 1#1: worker process 31 exited with code 0
2022/10/05 12:17:20 [notice] 1#1: signal 29 (SIGIO) received
2022/10/05 12:17:20 [notice] 1#1: signal 17 (SIGCHLD) received from 33
2022/10/05 12:17:20 [notice] 1#1: worker process 33 exited with code 0
2022/10/05 12:17:20 [notice] 1#1: signal 29 (SIGIO) received
2022/10/05 12:17:20 [notice] 1#1: signal 17 (SIGCHLD) received from 32
2022/10/05 12:17:20 [notice] 1#1: worker process 32 exited with code 0
2022/10/05 12:17:20 [notice] 1#1: signal 17 (SIGCHLD) received from 34
2022/10/05 12:17:20 [notice] 1#1: worker process 34 exited with code 0
2022/10/05 12:17:20 [notice] 1#1: exit
2022/10/05 12:17:33 [notice] 1#1: using the "epoll" event method
2022/10/05 12:17:33 [notice] 1#1: nginx/1.23.1
2022/10/05 12:17:33 [notice] 1#1: built by gcc 10.2.1 20210110 (Debian 10.2.1-6) 
2022/10/05 12:17:33 [notice] 1#1: OS: Linux 5.15.0-48-generic
2022/10/05 12:17:33 [notice] 1#1: getrlimit(RLIMIT_NOFILE): 1048576:1048576
2022/10/05 12:17:33 [notice] 1#1: start worker processes
2022/10/05 12:17:33 [notice] 1#1: start worker process 32
2022/10/05 12:17:33 [notice] 1#1: start worker process 33
2022/10/05 12:17:33 [notice] 1#1: start worker process 34
2022/10/05 12:17:33 [notice] 1#1: start worker process 35
2022/10/05 12:17:44 [notice] 1#1: signal 3 (SIGQUIT) received, shutting down
2022/10/05 12:17:44 [notice] 32#32: gracefully shutting down
2022/10/05 12:17:44 [notice] 33#33: gracefully shutting down
2022/10/05 12:17:44 [notice] 35#35: gracefully shutting down
2022/10/05 12:17:44 [notice] 34#34: gracefully shutting down
2022/10/05 12:17:44 [notice] 33#33: exiting
2022/10/05 12:17:44 [notice] 35#35: exiting
2022/10/05 12:17:44 [notice] 32#32: exiting
2022/10/05 12:17:44 [notice] 34#34: exiting
2022/10/05 12:17:44 [notice] 35#35: exit
2022/10/05 12:17:44 [notice] 33#33: exit
2022/10/05 12:17:44 [notice] 32#32: exit
2022/10/05 12:17:44 [notice] 34#34: exit
2022/10/05 12:17:44 [notice] 1#1: signal 17 (SIGCHLD) received from 32
2022/10/05 12:17:44 [notice] 1#1: worker process 32 exited with code 0
2022/10/05 12:17:44 [notice] 1#1: worker process 33 exited with code 0
2022/10/05 12:17:44 [notice] 1#1: worker process 34 exited with code 0
2022/10/05 12:17:44 [notice] 1#1: signal 29 (SIGIO) received
2022/10/05 12:17:44 [notice] 1#1: signal 17 (SIGCHLD) received from 33
2022/10/05 12:17:44 [notice] 1#1: signal 17 (SIGCHLD) received from 35
2022/10/05 12:17:44 [notice] 1#1: worker process 35 exited with code 0
2022/10/05 12:17:44 [notice] 1#1: exit
2022/10/05 12:18:37 [notice] 1#1: using the "epoll" event method
2022/10/05 12:18:37 [notice] 1#1: nginx/1.23.1
2022/10/05 12:18:37 [notice] 1#1: built by gcc 10.2.1 20210110 (Debian 10.2.1-6) 
2022/10/05 12:18:37 [notice] 1#1: OS: Linux 5.15.0-48-generic
2022/10/05 12:18:37 [notice] 1#1: getrlimit(RLIMIT_NOFILE): 1048576:1048576
2022/10/05 12:18:37 [notice] 1#1: start worker processes
2022/10/05 12:18:37 [notice] 1#1: start worker process 30
2022/10/05 12:18:37 [notice] 1#1: start worker process 31
2022/10/05 12:18:37 [notice] 1#1: start worker process 32
2022/10/05 12:18:37 [notice] 1#1: start worker process 33
2022/10/05 12:19:39 [notice] 1#1: signal 3 (SIGQUIT) received, shutting down
2022/10/05 12:19:39 [notice] 31#31: gracefully shutting down
2022/10/05 12:19:39 [notice] 30#30: gracefully shutting down
2022/10/05 12:19:39 [notice] 31#31: exiting
2022/10/05 12:19:39 [notice] 30#30: exiting
2022/10/05 12:19:39 [notice] 32#32: gracefully shutting down
2022/10/05 12:19:39 [notice] 32#32: exiting
2022/10/05 12:19:39 [notice] 32#32: exit
2022/10/05 12:19:39 [notice] 31#31: exit
2022/10/05 12:19:39 [notice] 33#33: gracefully shutting down
2022/10/05 12:19:39 [notice] 33#33: exiting
2022/10/05 12:19:39 [notice] 33#33: exit
2022/10/05 12:19:39 [notice] 30#30: exit
2022/10/05 12:19:39 [notice] 1#1: signal 17 (SIGCHLD) received from 33
2022/10/05 12:19:39 [notice] 1#1: worker process 33 exited with code 0
2022/10/05 12:19:39 [notice] 1#1: signal 29 (SIGIO) received
2022/10/05 12:19:39 [notice] 1#1: signal 17 (SIGCHLD) received from 30
2022/10/05 12:19:39 [notice] 1#1: worker process 30 exited with code 0
2022/10/05 12:19:39 [notice] 1#1: signal 29 (SIGIO) received
2022/10/05 12:19:39 [notice] 1#1: signal 17 (SIGCHLD) received from 32
2022/10/05 12:19:39 [notice] 1#1: worker process 32 exited with code 0
2022/10/05 12:19:39 [notice] 1#1: signal 29 (SIGIO) received
2022/10/05 12:19:39 [notice] 1#1: signal 17 (SIGCHLD) received from 31
2022/10/05 12:19:39 [notice] 1#1: worker process 31 exited with code 0
2022/10/05 12:19:39 [notice] 1#1: exit
2022/10/05 12:19:56 [notice] 1#1: using the "epoll" event method
2022/10/05 12:19:56 [notice] 1#1: nginx/1.23.1
2022/10/05 12:19:56 [notice] 1#1: built by gcc 10.2.1 20210110 (Debian 10.2.1-6) 
2022/10/05 12:19:56 [notice] 1#1: OS: Linux 5.15.0-48-generic
2022/10/05 12:19:56 [notice] 1#1: getrlimit(RLIMIT_NOFILE): 1048576:1048576
2022/10/05 12:19:56 [notice] 1#1: start worker processes
2022/10/05 12:19:56 [notice] 1#1: start worker process 29
2022/10/05 12:19:56 [notice] 1#1: start worker process 30
2022/10/05 12:19:56 [notice] 1#1: start worker process 31
2022/10/05 12:19:56 [notice] 1#1: start worker process 32
2022/10/05 12:22:28 [notice] 1#1: signal 3 (SIGQUIT) received, shutting down
2022/10/05 12:22:28 [notice] 29#29: gracefully shutting down
2022/10/05 12:22:28 [notice] 32#32: gracefully shutting down
2022/10/05 12:22:28 [notice] 29#29: exiting
2022/10/05 12:22:28 [notice] 32#32: exiting
2022/10/05 12:22:28 [notice] 29#29: exit
2022/10/05 12:22:28 [notice] 32#32: exit
2022/10/05 12:22:28 [notice] 30#30: gracefully shutting down
2022/10/05 12:22:28 [notice] 31#31: gracefully shutting down
2022/10/05 12:22:28 [notice] 30#30: exiting
2022/10/05 12:22:28 [notice] 31#31: exiting
2022/10/05 12:22:28 [notice] 30#30: exit
2022/10/05 12:22:28 [notice] 31#31: exit
2022/10/05 12:22:28 [notice] 1#1: signal 17 (SIGCHLD) received from 29
2022/10/05 12:22:28 [notice] 1#1: worker process 29 exited with code 0
2022/10/05 12:22:28 [notice] 1#1: signal 29 (SIGIO) received
2022/10/05 12:22:28 [notice] 1#1: signal 17 (SIGCHLD) received from 30
2022/10/05 12:22:28 [notice] 1#1: worker process 30 exited with code 0
2022/10/05 12:22:28 [notice] 1#1: worker process 31 exited with code 0
2022/10/05 12:22:28 [notice] 1#1: worker process 32 exited with code 0
2022/10/05 12:22:28 [notice] 1#1: exit
2022/10/05 12:22:50 [notice] 1#1: using the "epoll" event method
2022/10/05 12:22:50 [notice] 1#1: nginx/1.23.1
2022/10/05 12:22:50 [notice] 1#1: built by gcc 10.2.1 20210110 (Debian 10.2.1-6) 
2022/10/05 12:22:50 [notice] 1#1: OS: Linux 5.15.0-48-generic
2022/10/05 12:22:50 [notice] 1#1: getrlimit(RLIMIT_NOFILE): 1048576:1048576
2022/10/05 12:22:50 [notice] 1#1: start worker processes
2022/10/05 12:22:50 [notice] 1#1: start worker process 29
2022/10/05 12:22:50 [notice] 1#1: start worker process 30
2022/10/05 12:22:50 [notice] 1#1: start worker process 31
2022/10/05 12:22:50 [notice] 1#1: start worker process 32
2022/10/05 12:23:01 [error] 29#29: *1 directory index of "/var/www/html/" is forbidden, client: 172.28.0.1, server: , request: "GET / HTTP/1.1", host: "localhost:8080"
2022/10/05 12:23:06 [error] 29#29: *1 directory index of "/var/www/html/" is forbidden, client: 172.28.0.1, server: , request: "GET / HTTP/1.1", host: "localhost:8080"
2022/10/05 12:23:10 [error] 29#29: *1 directory index of "/var/www/html/" is forbidden, client: 172.28.0.1, server: , request: "GET / HTTP/1.1", host: "localhost:8080"
2022/10/05 12:24:50 [notice] 1#1: signal 3 (SIGQUIT) received, shutting down
2022/10/05 12:24:50 [notice] 29#29: gracefully shutting down
2022/10/05 12:24:50 [notice] 30#30: gracefully shutting down
2022/10/05 12:24:50 [notice] 32#32: gracefully shutting down
2022/10/05 12:24:50 [notice] 29#29: exiting
2022/10/05 12:24:50 [notice] 30#30: exiting
2022/10/05 12:24:50 [notice] 32#32: exiting
2022/10/05 12:24:50 [notice] 29#29: exit
2022/10/05 12:24:50 [notice] 32#32: exit
2022/10/05 12:24:50 [notice] 30#30: exit
2022/10/05 12:24:50 [notice] 31#31: gracefully shutting down
2022/10/05 12:24:50 [notice] 31#31: exiting
2022/10/05 12:24:50 [notice] 31#31: exit
2022/10/05 12:24:50 [notice] 1#1: signal 17 (SIGCHLD) received from 32
2022/10/05 12:24:50 [notice] 1#1: worker process 32 exited with code 0
2022/10/05 12:24:50 [notice] 1#1: signal 29 (SIGIO) received
2022/10/05 12:24:50 [notice] 1#1: signal 17 (SIGCHLD) received from 31
2022/10/05 12:24:50 [notice] 1#1: worker process 31 exited with code 0
2022/10/05 12:24:50 [notice] 1#1: signal 29 (SIGIO) received
2022/10/05 12:24:50 [notice] 1#1: signal 17 (SIGCHLD) received from 30
2022/10/05 12:24:50 [notice] 1#1: worker process 30 exited with code 0
2022/10/05 12:24:50 [notice] 1#1: signal 29 (SIGIO) received
2022/10/05 12:24:50 [notice] 1#1: signal 17 (SIGCHLD) received from 29
2022/10/05 12:24:50 [notice] 1#1: worker process 29 exited with code 0
2022/10/05 12:24:50 [notice] 1#1: exit
2022/10/05 12:25:46 [notice] 1#1: using the "epoll" event method
2022/10/05 12:25:46 [notice] 1#1: nginx/1.23.1
2022/10/05 12:25:46 [notice] 1#1: built by gcc 10.2.1 20210110 (Debian 10.2.1-6) 
2022/10/05 12:25:46 [notice] 1#1: OS: Linux 5.15.0-48-generic
2022/10/05 12:25:46 [notice] 1#1: getrlimit(RLIMIT_NOFILE): 1048576:1048576
2022/10/05 12:25:46 [notice] 1#1: start worker processes
2022/10/05 12:25:46 [notice] 1#1: start worker process 30
2022/10/05 12:25:46 [notice] 1#1: start worker process 31
2022/10/05 12:25:46 [notice] 1#1: start worker process 32
2022/10/05 12:25:46 [notice] 1#1: start worker process 33
2022/10/05 12:25:53 [error] 30#30: *1 open() "/var/www/html/dashboard" failed (2: No such file or directory), client: 172.29.0.1, server: , request: "GET /dashboard HTTP/1.1", host: "localhost:8080", referrer: "http://localhost:8080/"
2022/10/05 12:28:17 [notice] 1#1: signal 3 (SIGQUIT) received, shutting down
2022/10/05 12:28:17 [notice] 30#30: gracefully shutting down
2022/10/05 12:28:17 [notice] 31#31: gracefully shutting down
2022/10/05 12:28:17 [notice] 30#30: exiting
2022/10/05 12:28:17 [notice] 33#33: gracefully shutting down
2022/10/05 12:28:17 [notice] 31#31: exiting
2022/10/05 12:28:17 [notice] 32#32: gracefully shutting down
2022/10/05 12:28:17 [notice] 33#33: exiting
2022/10/05 12:28:17 [notice] 30#30: exit
2022/10/05 12:28:17 [notice] 32#32: exiting
2022/10/05 12:28:17 [notice] 31#31: exit
2022/10/05 12:28:17 [notice] 33#33: exit
2022/10/05 12:28:17 [notice] 32#32: exit
2022/10/05 12:28:17 [notice] 1#1: signal 17 (SIGCHLD) received from 31
2022/10/05 12:28:17 [notice] 1#1: worker process 31 exited with code 0
2022/10/05 12:28:17 [notice] 1#1: signal 29 (SIGIO) received
2022/10/05 12:28:17 [notice] 1#1: signal 17 (SIGCHLD) received from 30
2022/10/05 12:28:17 [notice] 1#1: worker process 30 exited with code 0
2022/10/05 12:28:17 [notice] 1#1: signal 29 (SIGIO) received
2022/10/05 12:28:17 [notice] 1#1: signal 17 (SIGCHLD) received from 33
2022/10/05 12:28:17 [notice] 1#1: worker process 33 exited with code 0
2022/10/05 12:28:17 [notice] 1#1: signal 29 (SIGIO) received
2022/10/05 12:28:17 [notice] 1#1: signal 17 (SIGCHLD) received from 32
2022/10/05 12:28:17 [notice] 1#1: worker process 32 exited with code 0
2022/10/05 12:28:17 [notice] 1#1: exit
2022/10/05 12:28:46 [notice] 1#1: using the "epoll" event method
2022/10/05 12:28:46 [notice] 1#1: nginx/1.23.1
2022/10/05 12:28:46 [notice] 1#1: built by gcc 10.2.1 20210110 (Debian 10.2.1-6) 
2022/10/05 12:28:46 [notice] 1#1: OS: Linux 5.15.0-48-generic
2022/10/05 12:28:46 [notice] 1#1: getrlimit(RLIMIT_NOFILE): 1048576:1048576
2022/10/05 12:28:46 [notice] 1#1: start worker processes
2022/10/05 12:28:46 [notice] 1#1: start worker process 30
2022/10/05 12:28:46 [notice] 1#1: start worker process 31
2022/10/05 12:28:46 [notice] 1#1: start worker process 32
2022/10/05 12:28:46 [notice] 1#1: start worker process 33
2022/10/05 12:29:05 [error] 30#30: *1 directory index of "/var/www/html/" is forbidden, client: 172.30.0.1, server: , request: "GET / HTTP/1.1", host: "localhost:8080"
2022/10/05 12:29:07 [error] 30#30: *1 directory index of "/var/www/html/" is forbidden, client: 172.30.0.1, server: , request: "GET / HTTP/1.1", host: "localhost:8080"
2022/10/05 12:36:17 [notice] 1#1: signal 3 (SIGQUIT) received, shutting down
2022/10/05 12:36:17 [notice] 30#30: gracefully shutting down
2022/10/05 12:36:17 [notice] 31#31: gracefully shutting down
2022/10/05 12:36:17 [notice] 32#32: gracefully shutting down
2022/10/05 12:36:17 [notice] 33#33: gracefully shutting down
2022/10/05 12:36:17 [notice] 30#30: exiting
2022/10/05 12:36:17 [notice] 31#31: exiting
2022/10/05 12:36:17 [notice] 32#32: exiting
2022/10/05 12:36:17 [notice] 33#33: exiting
2022/10/05 12:36:17 [notice] 30#30: exit
2022/10/05 12:36:17 [notice] 31#31: exit
2022/10/05 12:36:17 [notice] 32#32: exit
2022/10/05 12:36:17 [notice] 33#33: exit
2022/10/05 12:36:17 [notice] 1#1: signal 17 (SIGCHLD) received from 31
2022/10/05 12:36:17 [notice] 1#1: worker process 31 exited with code 0
2022/10/05 12:36:17 [notice] 1#1: signal 29 (SIGIO) received
2022/10/05 12:36:17 [notice] 1#1: signal 17 (SIGCHLD) received from 33
2022/10/05 12:36:17 [notice] 1#1: worker process 33 exited with code 0
2022/10/05 12:36:17 [notice] 1#1: signal 29 (SIGIO) received
2022/10/05 12:36:17 [notice] 1#1: signal 17 (SIGCHLD) received from 30
2022/10/05 12:36:17 [notice] 1#1: worker process 30 exited with code 0
2022/10/05 12:36:17 [notice] 1#1: signal 29 (SIGIO) received
2022/10/05 12:36:17 [notice] 1#1: signal 17 (SIGCHLD) received from 32
2022/10/05 12:36:17 [notice] 1#1: worker process 32 exited with code 0
2022/10/05 12:36:17 [notice] 1#1: exit
2022/10/05 12:36:41 [notice] 1#1: using the "epoll" event method
2022/10/05 12:36:41 [notice] 1#1: nginx/1.23.1
2022/10/05 12:36:41 [notice] 1#1: built by gcc 10.2.1 20210110 (Debian 10.2.1-6) 
2022/10/05 12:36:41 [notice] 1#1: OS: Linux 5.15.0-48-generic
2022/10/05 12:36:41 [notice] 1#1: getrlimit(RLIMIT_NOFILE): 1048576:1048576
2022/10/05 12:36:41 [notice] 1#1: start worker processes
2022/10/05 12:36:41 [notice] 1#1: start worker process 29
2022/10/05 12:36:41 [notice] 1#1: start worker process 30
2022/10/05 12:36:41 [notice] 1#1: start worker process 31
2022/10/05 12:36:41 [notice] 1#1: start worker process 32
2022/10/05 12:36:50 [error] 30#30: *3 open() "/var/www/html/orders" failed (2: No such file or directory), client: 172.31.0.1, server: , request: "GET /orders HTTP/1.1", host: "localhost:8080"
2022/10/05 12:37:20 [error] 30#30: *3 open() "/var/www/html/orders" failed (2: No such file or directory), client: 172.31.0.1, server: , request: "GET /orders HTTP/1.1", host: "localhost:8080"
2022/10/05 12:37:21 [error] 30#30: *3 open() "/var/www/html/orders" failed (2: No such file or directory), client: 172.31.0.1, server: , request: "GET /orders HTTP/1.1", host: "localhost:8080"
2022/10/05 12:37:21 [error] 30#30: *3 open() "/var/www/html/orders" failed (2: No such file or directory), client: 172.31.0.1, server: , request: "GET /orders HTTP/1.1", host: "localhost:8080"
2022/10/05 12:37:21 [error] 30#30: *3 open() "/var/www/html/orders" failed (2: No such file or directory), client: 172.31.0.1, server: , request: "GET /orders HTTP/1.1", host: "localhost:8080"
2022/10/05 12:37:26 [error] 30#30: *3 "/var/www/html/orders/index.php" is not found (2: No such file or directory), client: 172.31.0.1, server: , request: "GET /orders/ HTTP/1.1", host: "localhost:8080"
2022/10/05 12:39:13 [error] 31#31: *5 "/var/www/html/orders/index.php" is not found (2: No such file or directory), client: 172.31.0.1, server: , request: "GET /orders/ HTTP/1.1", host: "localhost:8080"
2022/10/05 12:46:48 [notice] 1#1: signal 3 (SIGQUIT) received, shutting down
2022/10/05 12:46:48 [notice] 29#29: gracefully shutting down
2022/10/05 12:46:48 [notice] 31#31: gracefully shutting down
2022/10/05 12:46:48 [notice] 29#29: exiting
2022/10/05 12:46:48 [notice] 31#31: exiting
2022/10/05 12:46:48 [notice] 29#29: exit
2022/10/05 12:46:48 [notice] 31#31: exit
2022/10/05 12:46:48 [notice] 32#32: gracefully shutting down
2022/10/05 12:46:48 [notice] 32#32: exiting
2022/10/05 12:46:48 [notice] 32#32: exit
2022/10/05 12:46:48 [notice] 30#30: gracefully shutting down
2022/10/05 12:46:48 [notice] 30#30: exiting
2022/10/05 12:46:48 [notice] 30#30: exit
2022/10/05 12:46:48 [notice] 1#1: signal 17 (SIGCHLD) received from 31
2022/10/05 12:46:48 [notice] 1#1: worker process 31 exited with code 0
2022/10/05 12:46:48 [notice] 1#1: signal 29 (SIGIO) received
2022/10/05 12:46:48 [notice] 1#1: signal 17 (SIGCHLD) received from 29
2022/10/05 12:46:48 [notice] 1#1: worker process 29 exited with code 0
2022/10/05 12:46:48 [notice] 1#1: worker process 32 exited with code 0
2022/10/05 12:46:48 [notice] 1#1: signal 29 (SIGIO) received
2022/10/05 12:46:48 [notice] 1#1: signal 17 (SIGCHLD) received from 30
2022/10/05 12:46:48 [notice] 1#1: worker process 30 exited with code 0
2022/10/05 12:46:48 [notice] 1#1: exit
